<?xml version="1.0" encoding="UTF-8"?>
<testsuite name="Username Testing Chrome"
           tests="6"
           failures="1"
           errors="0"
           skipped="5"
           time="0.006">
  <properties />
            <testcase name="setup" time="0.000" classname="loginPage.DataProviderWithExcel_001">
                <failure type="org.testng.TestNGException"
                  message="
Parameter &apos;browser&apos; is required by @Configuration on method setup but has not been marked @Optional or defined
in C:\Users\andy.williams\BlueSource\src\test\java\loginPage\testng.xml"
              >
<![CDATA[org.testng.TestNGException: 
Parameter 'browser' is required by @Configuration on method setup but has not been marked @Optional or defined
in C:\Users\andy.williams\BlueSource\src\test\java\loginPage\testng.xml
  org.testng.internal.Parameters.createParameters(Parameters.java:155)
  org.testng.internal.Parameters.createParameters(Parameters.java:358)
  org.testng.internal.Parameters.createConfigurationParameters(Parameters.java:86)
  org.testng.internal.Invoker.invokeConfigurations(Invoker.java:199)
  org.testng.internal.Invoker.invokeMethod(Invoker.java:653)
  org.testng.internal.Invoker.invokeTestMethod(Invoker.java:901)
  org.testng.internal.Invoker.invokeTestMethods(Invoker.java:1231)
  org.testng.internal.TestMethodWorker.invokeTestMethods(TestMethodWorker.java:127)
  org.testng.internal.TestMethodWorker.run(TestMethodWorker.java:111)
  org.testng.TestRunner.privateRun(TestRunner.java:767)
  org.testng.TestRunner.run(TestRunner.java:617)
  org.testng.SuiteRunner.runTest(SuiteRunner.java:334)
  org.testng.SuiteRunner.access$000(SuiteRunner.java:37)
  org.testng.SuiteRunner$SuiteWorker.run(SuiteRunner.java:368)
  org.testng.internal.thread.ThreadUtil$2.call(ThreadUtil.java:64)
  java.util.concurrent.FutureTask.run(FutureTask.java:266)
  java.util.concurrent.ThreadPoolExecutor.runWorker(ThreadPoolExecutor.java:1142)
  java.util.concurrent.ThreadPoolExecutor$Worker.run(ThreadPoolExecutor.java:617)
  java.lang.Thread.run(Thread.java:745)
]]>
      </failure>

          </testcase>
  
            <testcase name="setup" time="0.0" classname="loginPage.DataProviderWithExcel_001">
          <skipped />
    </testcase>
            <testcase name="closeBrowser" time="0.0" classname="loginPage.DataProviderWithExcel_001">
          <skipped />
    </testcase>
            <testcase name="closeBrowser" time="0.0" classname="loginPage.DataProviderWithExcel_001">
          <skipped />
    </testcase>
            <testcase name="f" time="0.0" classname="loginPage.DataProviderWithExcel_001">
          <skipped />
    </testcase>
            <testcase name="f" time="0.0" classname="loginPage.DataProviderWithExcel_001">
          <skipped />
    </testcase>
  
  
</testsuite>
